William/Ale_copy_Will_V2/app/build/intermediates/manifest_merge_blame_file/debug/manifest-merger-blame-debug-report.txt
1<?xml version="1.0" encoding="utf-8"?>
2<manifest xmlns:android="http://schemas.android.com/apk/res/android"
3    package="com.example.healthmetricsvisualv1alejandrosanchez"
4    android:versionCode="1"
5    android:versionName="1.0" >
6
7    <uses-sdk
8        android:minSdkVersion="21"
8-->src\main\AndroidManifest.xml
9        android:targetSdkVersion="32" />
9-->src\main\AndroidManifest.xml
10
11    <application
11-->src\main\AndroidManifest.xml:5:5-26:19
12        android:allowBackup="true"
12-->src\main\AndroidManifest.xml:6:9-35
13        android:appComponentFactory="androidx.core.app.CoreComponentFactory"
13-->[androidx.core:core:1.5.0] AndroidManifest.xml:24:18-86
14        android:debuggable="true"
15        android:icon="@mipmap/ic_launcher"
15-->src\main\AndroidManifest.xml:7:9-43
16        android:label="Health Visio"
16-->src\main\AndroidManifest.xml:8:9-37
17        android:roundIcon="@mipmap/ic_launcher_round"
17-->src\main\AndroidManifest.xml:9:9-54
18        android:supportsRtl="true"
18-->src\main\AndroidManifest.xml:10:9-35
19        android:testOnly="true"
20        android:theme="@style/Theme.HealthMetricsVisualV1AlejandroSanchez" >
20-->src\main\AndroidManifest.xml:11:9-75
21        <activity
21-->src\main\AndroidManifest.xml:12:9-16:94
22            android:name="com.example.healthmetricsvisualv1alejandrosanchez.MainActivity2"
22-->src\main\AndroidManifest.xml:13:13-42
23            android:exported="false"
23-->src\main\AndroidManifest.xml:14:13-37
24            android:label="@string/title_activity_main2"
24-->src\main\AndroidManifest.xml:15:13-57
25            android:theme="@style/Theme.HealthMetricsVisualV1AlejandroSanchez.NoActionBar" />
25-->src\main\AndroidManifest.xml:16:13-91
26        <activity
26-->src\main\AndroidManifest.xml:17:9-25:20
27            android:name="com.example.healthmetricsvisualv1alejandrosanchez.MainActivity"
27-->src\main\AndroidManifest.xml:18:13-41
28            android:exported="true" >
28-->src\main\AndroidManifest.xml:19:13-36
29            <intent-filter>
29-->src\main\AndroidManifest.xml:20:13-24:29
30                <action android:name="android.intent.action.MAIN" />
30-->src\main\AndroidManifest.xml:21:17-69
30-->src\main\AndroidManifest.xml:21:25-66
31
32                <category android:name="android.intent.category.LAUNCHER" />
32-->src\main\AndroidManifest.xml:23:17-77
32-->src\main\AndroidManifest.xml:23:27-74
33            </intent-filter>
34        </activity>
35    </application>
36
37</manifest>